********************************************************************************
   General Structure Analysis System-II Crystal Structure Refinement
              by Robert B. Von Dreele & Brian H. Toby
                Argonne National Laboratory(C), 2010
 This product includes software developed by the UChicago Argonne, LLC,
            as Operator of Argonne National Laboratory.
                          Please cite:
   B.H. Toby & R.B. Von Dreele, J. Appl. Cryst. 46, 544-549 (2013)
********************************************************************************
 Least squares controls:
 Refinement type: analytic Hessian
 Maximum number of cycles: 8
 Regularize hydrogens (if any): False
 Initial shift factor: 1.000

 Phases:

 Phase name: PbSO4
=======================================================================================================================================

 X-ray scattering factors:
   Symbol     fa                                      fb                                      fc
---------------------------------------------------------------------------------------------------
 Pb        31.06170  13.06370  18.44200   5.96960   0.69020   2.35760   8.61800  47.25790  13.41180
 S          6.90530   5.20340   1.43790   1.58630   1.46790  22.21510   0.25360  56.17200   0.86690
 O          3.04850   2.28680   1.54630   0.86700  13.27710   5.70110   0.32390  32.90890   0.25080

 Neutron scattering factors:
   Symbol   isotope       mass       b       resonant terms
---------------------------------------------------------------------------------------------------
 Pb      Nat. Abund.    207.200    0.940
 S       Nat. Abund.     32.060    0.285
 O       Nat. Abund.     15.999    0.581

 Space Group: P n m a
 The lattice is centrosymmetric primitive orthorhombic
 The Laue symmetry is mmm
 The lattice point group is mmm
 Multiplicity of a general site is 8
 The inversion center is located at 0,0,0
 
 The equivalent positions are:

 ( 1)     X,     Y,     Z 
 ( 2) 1/2-X, 1/2+Y, 1/2+Z 
 ( 3)     X, 1/2-Y,     Z 
 ( 4) 1/2-X,    -Y, 1/2+Z 

 Atoms:
   name    type  refine?   x         y         z      frac site sym  mult I/A   Uiso     U11     U22     U33     U12     U13     U23
---------------------------------------------------------------------------------------------------------------------------------------
     Pb     Pb          0.18820   0.25000   0.16700   1.000   m(y)    4    I 0.01000                                                
      S      S          0.06300   0.25000   0.68600   1.000   m(y)    4    I 0.01000                                                
     O1      O         -0.09500   0.25000   0.60000   1.000   m(y)    4    I 0.01000                                                
     O2      O          0.18100   0.25000   0.54300   1.000   m(y)    4    I 0.01000                                                
     O3      O          0.08500   0.02600   0.80600   1.000      1    8    I 0.01000                                                

 Unit cell: a = 8.48000 b = 5.39800 c = 6.95800 alpha = 90.000 beta = 90.000 gamma = 90.000 volume = 318.503 Refine? True

 Spherical harmonics texture: Order:0

 Phase: PbSO4 in histogram: PWDR EBTL31.xy
=======================================================================================================================================
 Phase fraction  :          1 Refine? False
 Extinction coeff:     0.0000 Refine? False
 March-Dollase PO:     1.0000 Refine? False Axis: 0 0 1

 Size model    : isotropic equatorial:       1.000 Refine? False
	 LG mixing coeff.:       1.0000 Refine? False

 Mustrain model: isotropic equatorial:      1000.0 Refine? False
	 LG mixing coeff.:      1.0000 Refine? False

 Hydrostatic/elastic strain:
 names :         D11         D22         D33
 values:           0           0           0
 refine:       False       False       False

 Histogram: PWDR EBTL31.xy histogram Id: 0
=======================================================================================================================================
 Instrument type: Bragg-Brentano
 Histogram limits:    16.00 deg to    79.99 deg

 Sample Parameters:
 Goniometer omega = 0.00, chi = 0.00, phi = 0.00
 name  :         Scale         Shift  Transparency    SurfRoughA    SurfRoughB
 value :       41.8162        0.0000        0.0000        0.0000        0.0000
 refine:          True         False         False         False         False

 Instrument Parameters:
 name  :     Azimuth        Bank I(L2)/I(L1)        Lam1        Lam2    Polariz.        SH/L
 value :    0.000000    1.000000    0.500000    1.540500    1.544300    0.700000    0.002000
 refine:                   False       False                               False       False

 name  :           U           V           W           X           Y           Z        Zero
 value :    2.000000   -2.000000    5.000000  833.668758    0.000000    0.000000    0.209215
 refine:       False       False       False        True       False       False        True

 Background function: chebyschev Refine? False
 Coefficients:   1263.217 -1906.534 -5140.716
 Fixed background file: ; mult: -1.000  Refine? False

 Refinement results:
---------------------------------------------------------------------------------------------------------------------------------------
 Number of function calls: 7 No. of observations: 2437 No. of parameters: 6 User rejected: 0 Sp. gp. extinct: 0
 Refinement time =    2.749s,    1.374s/cycle, for 2 cycles
 wR =  115.07%, chi**2 =  8.63451e+06, GOF =  59.60
 Number of function calls: 10 No. of observations: 2437 No. of parameters: 6 User rejected: 0 Sp. gp. extinct: 0
 Refinement time =    3.964s,    1.982s/cycle, for 2 cycles
 wR =  115.51%, chi**2 =  8.70128e+06, GOF =  59.83

 Phases:
 Result for phase: PbSO4
=======================================================================================================================================
 Reciprocal metric tensor: 
  names :            A11            A22            A33            A12            A13            A23
  values:    0.017187045    0.059772544    0.026797637    0.000000000    0.000000000    0.000000000
  esds  :    0.002131238    0.006983443    0.003906433                                             
 New unit cell:
  names :           a           b           c       alpha        beta       gamma      Volume
  values:    7.627802    4.090243    6.108741     90.0000     90.0000     90.0000     190.590
  esds  :    0.472934    0.238939    0.445252                                          17.028

 Atoms:
   name      x         y         z      frac   Uiso     U11     U22     U33     U12     U13     U23
---------------------------------------------------------------------------------------------------------------------------------------
     Pb     Pb:
 values:   0.18820   0.25000   0.16700   1.000 0.01000
 sig   :                                              
      S      S:
 values:   0.06300   0.25000   0.68600   1.000 0.01000
 sig   :                                              
     O1      O:
 values:  -0.09500   0.25000   0.60000   1.000 0.01000
 sig   :                                              
     O2      O:
 values:   0.18100   0.25000   0.54300   1.000 0.01000
 sig   :                                              
     O3      O:
 values:   0.08500   0.02600   0.80600   1.000 0.01000
 sig   :                                              

 Density: 10.5686 g/cm**3

 Phase: PbSO4 in histogram: PWDR EBTL31.xy
=======================================================================================================================================
 Final refinement RF, RF^2 = 26.16%, 52.18% on 112 reflections
 Durbin-Watson statistic = 0.001
 Bragg intensity sum = 7.56e+06

 Histogram: PWDR EBTL31.xy histogram Id: 0
=======================================================================================================================================
 PWDR histogram weight factor = 1.000
 Final refinement wR = 100.00% on 2437 observations in this histogram
 Other residuals: R = 82.82%, R-bkg = 100.00%, wR-bkg = 100.00% wRmin = 1.93%
 Instrument type: Bragg-Brentano

 Resonant form factors:(ref: D.T. Cromer & D.A. Liberman (1981), Acta Cryst. A37, 267-268.)
 Element:       Pb        S        O
 f'     :   -4.078    0.333    0.049
 f"     :    8.501    0.557    0.032

 Sample Parameters:
 names :         Scale         Shift  Transparency    SurfRoughA    SurfRoughB
 values:       40.9246        0.0000        0.0000        0.0000        0.0000
 sig   :        1.5411                                                        

 Instrument Parameters:
 names :           U           V           W           X           Y           Z        Zero
 value :    2.000000   -2.000000    5.000000 1008.048147    0.000000    0.000000   -5.159360
 sig   :                                      117.497502                            1.406815
 Background sums: empirical -1.1e+06, Debye 0, peaks 0, Total -1.1e+06
